Build started 6/12/2015 3:20:38 AM.
     1>Project "C:\Users\tommy\Workspace\OpenGLpoop\OpenGLpoop\OpenGLpoop.vcxproj" on node 2 (Build target(s)).
     1>InitializeBuildStatus:
         Creating "x64\Debug\OpenGLpoop.unsuccessfulbuild" because "AlwaysCreate" was specified.
       ClCompile:
         C:\Program Files (x86)\Microsoft Visual Studio 11.0\VC\bin\x86_amd64\CL.exe /c /IC:\Users\tommy\Workspace\OpenGLpoop\OpenGLpoop\GLFW /Zi /nologo /W3 /WX- /Od /D _MBCS /Gm /EHsc /RTC1 /MDd /GS /fp:precise /Zc:wchar_t /Zc:forScope /Fo"x64\Debug\\" /Fd"x64\Debug\vc110.pdb" /Gd /TP /errorReport:prompt main.cpp random_sorted_graph.cpp
         main.cpp
         Generating Code...
         Skipping... (no relevant changes detected)
         random_sorted_graph.cpp
       Link:
         C:\Program Files (x86)\Microsoft Visual Studio 11.0\VC\bin\x86_amd64\link.exe /ERRORREPORT:PROMPT /OUT:"C:\Users\tommy\Workspace\OpenGLpoop\x64\Debug\OpenGLpoop.exe" /INCREMENTAL:NO /NOLOGO /LIBPATH:C:\Users\tommy\Workspace\OpenGLpoop\OpenGLpoop\lib kernel32.lib user32.lib gdi32.lib winspool.lib comdlg32.lib advapi32.lib shell32.lib ole32.lib oleaut32.lib uuid.lib odbc32.lib odbccp32.lib glfw3.lib glfw3dll.lib opengl32.lib kernel32.lib user32.lib gdi32.lib winspool.lib comdlg32.lib advapi32.lib shell32.lib ole32.lib oleaut32.lib uuid.lib odbc32.lib odbccp32.lib /MANIFEST /MANIFESTUAC:"level='asInvoker' uiAccess='false'" /manifest:embed /DEBUG /PDB:"C:\Users\tommy\Workspace\OpenGLpoop\x64\Debug\OpenGLpoop.pdb" /TLBID:1 /DYNAMICBASE /NXCOMPAT /IMPLIB:"C:\Users\tommy\Workspace\OpenGLpoop\x64\Debug\OpenGLpoop.lib" /MACHINE:X64 x64\Debug\gl_renderable_graph.obj
         x64\Debug\graph_renderer.obj
         x64\Debug\input_handler.obj
         x64\Debug\main.obj
         x64\Debug\random_sorted_graph.obj
         x64\Debug\render_shape.obj
         x64\Debug\weighted_graph.obj
     1>LINK : warning LNK4098: defaultlib 'MSVCRT' conflicts with use of other libs; use /NODEFAULTLIB:library
         OpenGLpoop.vcxproj -> C:\Users\tommy\Workspace\OpenGLpoop\x64\Debug\OpenGLpoop.exe
       FinalizeBuildStatus:
         Deleting file "x64\Debug\OpenGLpoop.unsuccessfulbuild".
         Touching "x64\Debug\OpenGLpoop.lastbuildstate".
     1>Done Building Project "C:\Users\tommy\Workspace\OpenGLpoop\OpenGLpoop\OpenGLpoop.vcxproj" (Build target(s)).

Build succeeded.

Time Elapsed 00:00:01.35
