C:\USERS\TOMMY\WORKSPACE\OPENGLPOOP\OPENGLPOOP\X64\DEBUG\VC110.PDB
C:\USERS\TOMMY\WORKSPACE\OPENGLPOOP\OPENGLPOOP\X64\DEBUG\MAIN.OBJ
C:\USERS\TOMMY\WORKSPACE\OPENGLPOOP\OPENGLPOOP\X64\DEBUG\RENDER_SHAPE.OBJ
C:\USERS\TOMMY\WORKSPACE\OPENGLPOOP\OPENGLPOOP\X64\DEBUG\GRAPH_RENDERER.OBJ
C:\Users\tommy\Workspace\OpenGLpoop\OpenGLpoop\x64\Debug\graph_renderer.obj
C:\Users\tommy\Workspace\OpenGLpoop\OpenGLpoop\x64\Debug\main.obj
C:\Users\tommy\Workspace\OpenGLpoop\OpenGLpoop\x64\Debug\render_shape.obj
C:\Users\tommy\Workspace\OpenGLpoop\OpenGLpoop\x64\Debug\cl.command.1.tlog
C:\Users\tommy\Workspace\OpenGLpoop\OpenGLpoop\x64\Debug\CL.read.1.tlog
C:\Users\tommy\Workspace\OpenGLpoop\OpenGLpoop\x64\Debug\CL.write.1.tlog
C:\Users\tommy\Workspace\OpenGLpoop\OpenGLpoop\x64\Debug\link-cvtres.read.1.tlog
C:\Users\tommy\Workspace\OpenGLpoop\OpenGLpoop\x64\Debug\link-cvtres.write.1.tlog
C:\Users\tommy\Workspace\OpenGLpoop\OpenGLpoop\x64\Debug\link-rc.read.1.tlog
C:\Users\tommy\Workspace\OpenGLpoop\OpenGLpoop\x64\Debug\link-rc.write.1.tlog
C:\Users\tommy\Workspace\OpenGLpoop\OpenGLpoop\x64\Debug\link.command.1.tlog
C:\Users\tommy\Workspace\OpenGLpoop\OpenGLpoop\x64\Debug\link.read.1.tlog
C:\Users\tommy\Workspace\OpenGLpoop\OpenGLpoop\x64\Debug\link.write.1.tlog
C:\Users\tommy\Workspace\OpenGLpoop\OpenGLpoop\x64\Debug\vc110.idb
C:\Users\tommy\Workspace\OpenGLpoop\OpenGLpoop\x64\Debug\vc110.pdb
C:\Users\tommy\Workspace\OpenGLpoop\x64\Debug\OpenGLpoop.pdb
